2025-12-31 22:16:41Inserting node with ID: xpto([])
2025-12-31 22:18:37Inserting node with ID: xpto([])
2025-12-31 22:19:21DEBUG Inserting node with ID: xpto([])
2025-12-31 22:19:51 DEBUG Inserting node with ID: xpto ([])
2025-12-31 22:24:11 DEBUG Inserting node with ID: xpto ([])
2025-12-31 22:24:11 DEBUG Getting node with ID: xpto ([])
2025-12-31 22:24:18 DEBUG Inserting node with ID: xpto ([])
2025-12-31 22:24:18 DEBUG Getting node with ID: xpto ([])
2025-12-31 22:24:18 DEBUG Getting all nodes ([])
2025-12-31 22:26:32 DEBUG Inserting node with ID: xpto ([])
2025-12-31 22:26:32 DEBUG Getting node with ID: xpto ([])
2025-12-31 22:26:32 DEBUG Getting all nodes ([])
2025-12-31 22:26:32 DEBUG Checking if node with ID: xpto exists ([])
2025-12-31 22:26:32 DEBUG Inserting node with ID: node2 ([])
2025-12-31 22:26:32 DEBUG Getting node with ID: node2 ([])
2025-12-31 22:26:32 DEBUG Updating node with ID: node2 ([])
2025-12-31 22:26:32 DEBUG Getting node with ID: node2 ([])
2025-12-31 22:26:32 DEBUG Getting node with ID: node2 ([])
2025-12-31 22:26:32 DEBUG Deleting node with ID: node2 ([])
2025-12-31 22:33:18 DEBUG Inserting node with ID: xpto ([])
2025-12-31 22:33:18 DEBUG Getting node with ID: xpto ([])
2025-12-31 22:33:18 DEBUG Getting all nodes ([])
2025-12-31 22:33:18 DEBUG Checking if node with ID: xpto exists ([])
2025-12-31 22:33:18 DEBUG Inserting node with ID: node2 ([])
2025-12-31 22:33:18 DEBUG Getting node with ID: node2 ([])
2025-12-31 22:33:18 DEBUG Updating node with ID: node2 ([])
2025-12-31 22:33:18 DEBUG Getting node with ID: node2 ([])
2025-12-31 22:33:18 DEBUG Getting node with ID: node2 ([])
2025-12-31 22:33:18 DEBUG Deleting node with ID: node2 ([])
2025-12-31 22:33:18 DEBUG Inserting node with ID: Node 3 ([])
2025-12-31 22:33:18 DEBUG Inserting edge from source: xpto to target: Node 3 ([])
2025-12-31 22:33:18 DEBUG Getting all edges ([])
2025-12-31 22:33:18 DEBUG Checking if edge exists from source: xpto to target: Node 3 ([])
2025-12-31 22:33:18 DEBUG Inserting edge from source: xpto to target: Node 3 ([])
2025-12-31 22:33:18 DEBUG Getting edge from source: xpto to target: Node 3 ([])
2025-12-31 22:33:18 DEBUG Updating edge from source: xpto to target: Node 3 ([])
2025-12-31 22:33:18 DEBUG Getting edge from source: xpto to target: Node 3 ([])
2025-12-31 22:33:18 DEBUG Getting edge from source: xpto to target: Node 3 ([])
2025-12-31 22:33:18 DEBUG Deleting edge from source: xpto to target: Node 3 ([])
2025-12-31 22:34:05 DEBUG Inserting node with ID: xpto ([])
2025-12-31 22:34:05 DEBUG Getting node with ID: xpto ([])
2025-12-31 22:34:05 DEBUG Getting all nodes ([])
2025-12-31 22:34:05 DEBUG Checking if node with ID: xpto exists ([])
2025-12-31 22:34:05 DEBUG Inserting node with ID: node2 ([])
2025-12-31 22:34:06 DEBUG Getting node with ID: node2 ([])
2025-12-31 22:34:06 DEBUG Updating node with ID: node2 ([])
2025-12-31 22:34:06 DEBUG Getting node with ID: node2 ([])
2025-12-31 22:34:06 DEBUG Getting node with ID: node2 ([])
2025-12-31 22:34:06 DEBUG Deleting node with ID: node2 ([])
2025-12-31 22:34:06 DEBUG Inserting node with ID: Node 3 ([])
2025-12-31 22:34:06 DEBUG Inserting edge from source: xpto to target: Node 3 ([])
2025-12-31 22:34:06 DEBUG Getting all edges ([])
2025-12-31 22:34:06 DEBUG Checking if edge exists from source: xpto to target: Node 3 ([])
2025-12-31 22:34:06 DEBUG Inserting edge from source: xpto to target: Node 3 ([])
2025-12-31 22:34:06 DEBUG Getting edge from source: xpto to target: Node 3 ([])
2025-12-31 22:34:06 DEBUG Updating edge from source: xpto to target: Node 3 ([])
2025-12-31 22:34:06 DEBUG Getting edge from source: xpto to target: Node 3 ([])
2025-12-31 22:34:06 DEBUG Getting edge from source: xpto to target: Node 3 ([])
2025-12-31 22:34:06 DEBUG Deleting edge from source: xpto to target: Node 3 ([])
2025-12-31 22:35:24 DEBUG Inserting node with ID: xpto ([])
2025-12-31 22:35:24 DEBUG Getting node with ID: xpto ([])
2025-12-31 22:35:24 DEBUG Getting all nodes ([])
2025-12-31 22:35:24 DEBUG Checking if node with ID: xpto exists ([])
2025-12-31 22:35:24 DEBUG Inserting node with ID: node2 ([])
2025-12-31 22:35:24 DEBUG Getting node with ID: node2 ([])
2025-12-31 22:35:24 DEBUG Updating node with ID: node2 ([])
2025-12-31 22:35:24 DEBUG Getting node with ID: node2 ([])
2025-12-31 22:35:24 DEBUG Getting node with ID: node2 ([])
2025-12-31 22:35:24 DEBUG Deleting node with ID: node2 ([])
2025-12-31 22:35:24 DEBUG Inserting node with ID: Node 3 ([])
2025-12-31 22:35:24 DEBUG Inserting edge from source: xpto to target: Node 3 ([])
2025-12-31 22:35:24 DEBUG Getting all edges ([])
2025-12-31 22:35:24 DEBUG Checking if edge exists from source: xpto to target: Node 3 ([])
2025-12-31 22:35:24 DEBUG Inserting edge from source: xpto to target: Node 3 ([])
2025-12-31 22:35:24 DEBUG Getting edge from source: xpto to target: Node 3 ([])
2025-12-31 22:35:24 DEBUG Updating edge from source: xpto to target: Node 3 ([])
2025-12-31 22:35:24 DEBUG Getting edge from source: xpto to target: Node 3 ([])
2025-12-31 22:35:24 DEBUG Getting edge from source: xpto to target: Node 3 ([])
2025-12-31 22:35:24 DEBUG Deleting edge from source: xpto to target: Node 3 ([])
2025-12-31 22:36:17 DEBUG Inserting node with ID: xpto ([])
2025-12-31 22:36:17 DEBUG Getting node with ID: xpto ([])
2025-12-31 22:36:17 DEBUG Getting all nodes ([])
2025-12-31 22:36:17 DEBUG Checking if node with ID: xpto exists ([])
2025-12-31 22:36:17 DEBUG Inserting node with ID: node2 ([])
2025-12-31 22:36:17 DEBUG Getting node with ID: node2 ([])
2025-12-31 22:36:17 DEBUG Updating node with ID: node2 ([])
2025-12-31 22:36:17 DEBUG Getting node with ID: node2 ([])
2025-12-31 22:36:17 DEBUG Getting node with ID: node2 ([])
2025-12-31 22:36:17 DEBUG Deleting node with ID: node2 ([])
2025-12-31 22:36:17 DEBUG Inserting node with ID: Node 3 ([])
2025-12-31 22:36:17 DEBUG Inserting edge from source: xpto to target: Node 3 ([])
2025-12-31 22:36:17 DEBUG Getting all edges ([])
2025-12-31 22:36:17 DEBUG Checking if edge exists from source: xpto to target: Node 3 ([])
2025-12-31 22:36:17 DEBUG Inserting edge from source: xpto to target: Node 3 ([])
2025-12-31 22:36:17 DEBUG Getting edge from source: xpto to target: Node 3 ([])
2025-12-31 22:36:17 DEBUG Updating edge from source: xpto to target: Node 3 ([])
2025-12-31 22:36:17 DEBUG Getting edge from source: xpto to target: Node 3 ([])
2025-12-31 22:36:17 DEBUG Getting edge from source: xpto to target: Node 3 ([])
2025-12-31 22:36:17 DEBUG Deleting edge from source: xpto to target: Node 3 ([])
2025-12-31 22:36:17 DEBUG Inserting edge from source: xpto to target: Node 3 ([])
2025-12-31 22:41:31 DEBUG Inserting node with ID: xpto ([])
2025-12-31 22:41:31 DEBUG Getting node with ID: xpto ([])
2025-12-31 22:41:31 DEBUG Getting all nodes ([])
2025-12-31 22:41:31 DEBUG Checking if node with ID: xpto exists ([])
2025-12-31 22:41:31 DEBUG Inserting node with ID: node2 ([])
2025-12-31 22:41:31 DEBUG Getting node with ID: node2 ([])
2025-12-31 22:41:31 DEBUG Updating node with ID: node2 ([])
2025-12-31 22:41:31 DEBUG Getting node with ID: node2 ([])
2025-12-31 22:41:31 DEBUG Getting node with ID: node2 ([])
2025-12-31 22:41:31 DEBUG Deleting node with ID: node2 ([])
2025-12-31 22:41:31 DEBUG Inserting node with ID: Node 3 ([])
2025-12-31 22:41:31 DEBUG Inserting edge from source: xpto to target: Node 3 ([])
2025-12-31 22:41:31 DEBUG Getting all edges ([])
2025-12-31 22:41:31 DEBUG Checking if edge exists from source: xpto to target: Node 3 ([])
2025-12-31 22:41:31 DEBUG Inserting edge from source: xpto to target: Node 3 ([])
2025-12-31 22:41:31 DEBUG Getting edge from source: xpto to target: Node 3 ([])
2025-12-31 22:41:31 DEBUG Updating edge from source: xpto to target: Node 3 ([])
2025-12-31 22:41:31 DEBUG Getting edge from source: xpto to target: Node 3 ([])
2025-12-31 22:41:31 DEBUG Getting edge from source: xpto to target: Node 3 ([])
2025-12-31 22:41:31 DEBUG Deleting edge from source: xpto to target: Node 3 ([])
2025-12-31 22:41:31 DEBUG Inserting edge from source: xpto to target: Node 3 ([])
